/home/ubuntu/ros2_ws/src/install/app/lib/python3.10/site-packages/app/__init__.py
/home/ubuntu/ros2_ws/src/install/app/lib/python3.10/site-packages/app/qrcode.py
/home/ubuntu/ros2_ws/src/install/app/lib/python3.10/site-packages/app/line_following.py
/home/ubuntu/ros2_ws/src/install/app/lib/python3.10/site-packages/app/avoidance_node.py
/home/ubuntu/ros2_ws/src/install/app/lib/python3.10/site-packages/app/gesture_control_node.py
/home/ubuntu/ros2_ws/src/install/app/lib/python3.10/site-packages/app/hand_gesture.py
/home/ubuntu/ros2_ws/src/install/app/lib/python3.10/site-packages/app/common.py
/home/ubuntu/ros2_ws/src/install/app/lib/python3.10/site-packages/app/obj_loader.py
/home/ubuntu/ros2_ws/src/install/app/lib/python3.10/site-packages/app/tracking.py
/home/ubuntu/ros2_ws/src/install/app/lib/python3.10/site-packages/app/hand_trajectory_node.py
/home/ubuntu/ros2_ws/src/install/app/lib/python3.10/site-packages/app/__pycache__/__init__.cpython-310.pyc
/home/ubuntu/ros2_ws/src/install/app/lib/python3.10/site-packages/app/__pycache__/qrcode.cpython-310.pyc
/home/ubuntu/ros2_ws/src/install/app/lib/python3.10/site-packages/app/__pycache__/line_following.cpython-310.pyc
/home/ubuntu/ros2_ws/src/install/app/lib/python3.10/site-packages/app/__pycache__/avoidance_node.cpython-310.pyc
/home/ubuntu/ros2_ws/src/install/app/lib/python3.10/site-packages/app/__pycache__/gesture_control_node.cpython-310.pyc
/home/ubuntu/ros2_ws/src/install/app/lib/python3.10/site-packages/app/__pycache__/hand_gesture.cpython-310.pyc
/home/ubuntu/ros2_ws/src/install/app/lib/python3.10/site-packages/app/__pycache__/common.cpython-310.pyc
/home/ubuntu/ros2_ws/src/install/app/lib/python3.10/site-packages/app/__pycache__/obj_loader.cpython-310.pyc
/home/ubuntu/ros2_ws/src/install/app/lib/python3.10/site-packages/app/__pycache__/tracking.cpython-310.pyc
/home/ubuntu/ros2_ws/src/install/app/lib/python3.10/site-packages/app/__pycache__/hand_trajectory_node.cpython-310.pyc
/home/ubuntu/ros2_ws/src/install/app/share/ament_index/resource_index/packages/app
/home/ubuntu/ros2_ws/src/install/app/share/app/package.xml
/home/ubuntu/ros2_ws/src/install/app/share/app/launch/avoidance_node.launch.py
/home/ubuntu/ros2_ws/src/install/app/share/app/launch/object_tracking.launch.py
/home/ubuntu/ros2_ws/src/install/app/share/app/launch/line_following_node.launch.py
/home/ubuntu/ros2_ws/src/install/app/share/app/launch/qrcode.launch.py
/home/ubuntu/ros2_ws/src/install/app/share/app/launch/line_following.launch.py
/home/ubuntu/ros2_ws/src/install/app/share/app/launch/start_app.launch.py
/home/ubuntu/ros2_ws/src/install/app/share/app/launch/gesture_control_node.launch.py
/home/ubuntu/ros2_ws/src/install/app/share/app/launch/object_tracking_node.launch.py
/home/ubuntu/ros2_ws/src/install/app/share/app/models/wolf.obj
/home/ubuntu/ros2_ws/src/install/app/share/app/models/cow.obj
/home/ubuntu/ros2_ws/src/install/app/share/app/models/bicycle.obj
/home/ubuntu/ros2_ws/src/install/app/share/app/models/pirate-ship-fat.obj
/home/ubuntu/ros2_ws/src/install/app/share/app/models/model.jpg
/home/ubuntu/ros2_ws/src/install/app/share/app/models/chair.obj
/home/ubuntu/ros2_ws/src/install/app/share/app/models/rat.obj
/home/ubuntu/ros2_ws/src/install/app/share/app/models/fox.obj
/home/ubuntu/ros2_ws/src/install/app/lib/python3.10/site-packages/app-0.0.0-py3.10.egg-info/zip-safe
/home/ubuntu/ros2_ws/src/install/app/lib/python3.10/site-packages/app-0.0.0-py3.10.egg-info/PKG-INFO
/home/ubuntu/ros2_ws/src/install/app/lib/python3.10/site-packages/app-0.0.0-py3.10.egg-info/dependency_links.txt
/home/ubuntu/ros2_ws/src/install/app/lib/python3.10/site-packages/app-0.0.0-py3.10.egg-info/requires.txt
/home/ubuntu/ros2_ws/src/install/app/lib/python3.10/site-packages/app-0.0.0-py3.10.egg-info/top_level.txt
/home/ubuntu/ros2_ws/src/install/app/lib/python3.10/site-packages/app-0.0.0-py3.10.egg-info/SOURCES.txt
/home/ubuntu/ros2_ws/src/install/app/lib/python3.10/site-packages/app-0.0.0-py3.10.egg-info/entry_points.txt
/home/ubuntu/ros2_ws/src/install/app/lib/app/avoidance_node
/home/ubuntu/ros2_ws/src/install/app/lib/app/gesture_control_node
/home/ubuntu/ros2_ws/src/install/app/lib/app/line_following
/home/ubuntu/ros2_ws/src/install/app/lib/app/qrcode
/home/ubuntu/ros2_ws/src/install/app/lib/app/tracking
